2026-06-30 02:29:51,827 - Starting register_customer with args: ('\u10d2\u10d8\u10dd\u10e0\u10d2\u10d8', 'giorgi@gmail.com', '555123456', 'customer123'), kwargs: {}
2026-06-30 02:29:51,827 - Finished register_customer
2026-06-30 02:33:30,919 - Starting register_customer with args: ('\u10d2\u10d8\u10dd\u10e0\u10d2\u10d8', 'giorgi@gmail.com', '555123456', 'customer123'), kwargs: {}
2026-06-30 02:33:30,920 - Finished register_customer
2026-06-30 02:33:30,920 - Starting register_car with args: (User(name='\u10d2\u10d8\u10dd\u10e0\u10d2\u10d8', role='customer', email='giorgi@gmail.com'), 'AA-999-ZZ', 'BMW X5', 'Black'), kwargs: {}
2026-06-30 02:33:30,920 - Finished register_car
2026-06-30 02:33:30,920 - Starting create_booking with args: (User(name='\u10d2\u10d8\u10dd\u10e0\u10d2\u10d8', role='customer', email='giorgi@gmail.com'), Station(name='\u10e1\u10d0\u10d1\u10e3\u10e0\u10d7\u10d0\u10da\u10dd', district='\u10e1\u10d0\u10d1\u10e3\u10e0\u10d7\u10d0\u10da\u10dd'), Car(plate='AA-999-ZZ', model='BMW X5'), datetime.date(2026, 6, 30), datetime.time(15, 0), 'staff_wash'), kwargs: {}
2026-06-30 02:35:13,539 - Starting register_customer with args: ('\u10d2\u10d8\u10dd\u10e0\u10d2\u10d8', 'giorgi@gmail.com', '555123456', 'customer123'), kwargs: {}
2026-06-30 02:35:13,539 - Finished register_customer
2026-06-30 02:35:13,539 - Starting register_car with args: (User(name='\u10d2\u10d8\u10dd\u10e0\u10d2\u10d8', role='customer', email='giorgi@gmail.com'), 'BB-111-CC', 'Test', 'Red'), kwargs: {}
2026-06-30 02:35:13,539 - Finished register_car
2026-06-30 02:35:13,540 - Starting create_booking with args: (User(name='\u10d2\u10d8\u10dd\u10e0\u10d2\u10d8', role='customer', email='giorgi@gmail.com'), Station(name='\u10d5\u10d0\u10d9\u10d4', district='\u10d5\u10d0\u10d9\u10d4'), Car(plate='BB-111-CC', model='Test'), datetime.date(2026, 6, 30), datetime.time(16, 0), 'self_service'), kwargs: {}
2026-06-30 02:35:13,540 - \u10e4\u10e3\u10dc\u10e5\u10ea\u10d8\u10d0 'create_booking' \u10e8\u10d4\u10e1\u10e0\u10e3\u10da\u10d3\u10d0 0.0000 \u10ec\u10d0\u10db\u10e8\u10d8.
2026-06-30 02:35:13,540 - Finished create_booking
2026-06-30 02:45:21,504 - Starting register_customer with args: ('\u10d2\u10d8\u10dd\u10e0\u10d2\u10d8', 'giorgi@gmail.com', '555123456', 'customer123'), kwargs: {}
2026-06-30 02:45:21,504 - Finished register_customer
2026-06-30 02:48:08,680 - Starting register_customer with args: ('\u10d2\u10d8\u10dd\u10e0\u10d2\u10d8', 'giorgi@gmail.com', '555123456', 'customer123'), kwargs: {}
2026-06-30 02:48:08,680 - Finished register_customer
2026-06-30 02:50:48,152 - Starting register_car with args: (User(name='\u10d2\u10d8\u10dd\u10e0\u10d2\u10d8', role='customer', email='giorgi@gmail.com'), 'EK-888-LA', 'Toyota Prius', 'White'), kwargs: {}
2026-06-30 02:50:48,153 - Finished register_car
2026-06-30 03:07:07,609 - Starting register_customer with args: ('\u10d2\u10d8\u10dd\u10e0\u10d2\u10d8', 'giorgi@gmail.com', '555123456', 'customer123'), kwargs: {}
2026-06-30 03:07:07,609 - Finished register_customer
2026-06-30 03:16:15,395 - Starting register_customer with args: ('\u10d2\u10d8\u10dd\u10e0\u10d2\u10d8', 'giorgi@gmail.com', '555123456', 'customer123'), kwargs: {}
2026-06-30 03:16:15,396 - Finished register_customer
2026-06-30 03:16:15,396 - Starting register_customer with args: ('Test User', 'test@example.com', '555999888', 'pass123'), kwargs: {}
2026-06-30 03:16:15,396 - Finished register_customer
2026-06-30 03:16:15,396 - To: test@example.com
Subject: Account Verification Code
Body: Your verification code is: 338439
------------------------------
2026-06-30 03:16:15,411 - To: test@example.com
Subject: 2FA Login Code
Body: Your 2FA login code is: 427786
------------------------------
2026-06-30 03:16:15,411 - To: test@example.com
Subject: Password Recovery Code
Body: Your password recovery code is: 867346
------------------------------
2026-06-30 03:17:00,251 - Starting register_customer with args: ('\u10d2\u10d8\u10dd\u10e0\u10d2\u10d8', 'giorgi@gmail.com', '555123456', 'customer123'), kwargs: {}
2026-06-30 03:17:00,251 - Finished register_customer
2026-06-30 03:17:33,830 - Starting register_customer with args: ('\u10da\u10d0\u10d5\u10e0\u10d4\u10dc\u10e2\u10d8 \u10d4\u10db\u10d8\u10e0\u10d0\u10e8\u10d5\u10d8\u10da\u10d8', 'lavrentiemirashvili@gmail.com', '599477813', 'Lavrenti123.'), kwargs: {}
2026-06-30 03:17:33,830 - Finished register_customer
2026-06-30 03:17:33,830 - To: lavrentiemirashvili@gmail.com
Subject: Account Verification Code
Body: Your verification code is: 211340
------------------------------
2026-06-30 03:20:15,856 - To: lavrentiemirashvili@gmail.com
Subject: 2FA Login Code
Body: Your 2FA login code is: 074084
------------------------------
2026-06-30 03:20:41,725 - Starting register_customer with args: ('\u10d2\u10d8\u10dd\u10e0\u10d2\u10d8', 'giorgi@gmail.com', '555123456', 'customer123'), kwargs: {}
2026-06-30 03:20:41,726 - Finished register_customer
2026-06-30 03:21:41,646 - Starting register_customer with args: ('\u10da\u10d0\u10d5\u10e0\u10d4\u10dc\u10e2\u10d8 \u10d4\u10db\u10d8\u10e0\u10d0\u10e8\u10d5\u10d8\u10da\u10d8', 'emirashvililavrenti@gmail.com', '599477813', 'Lavrenti123.'), kwargs: {}
2026-06-30 03:21:41,646 - Finished register_customer
2026-06-30 03:21:41,646 - To: emirashvililavrenti@gmail.com
Subject: Account Verification Code
Body: Your verification code is: 774348
------------------------------
2026-06-30 04:02:00,980 - Starting register_customer with args: ('\u10d2\u10d8\u10dd\u10e0\u10d2\u10d8', 'giorgi@gmail.com', '555123456', 'customer123'), kwargs: {}
2026-06-30 04:02:00,980 - Finished register_customer
2026-06-30 04:02:31,429 - Starting register_customer with args: ('\u10d2\u10d8\u10dd\u10e0\u10d2\u10d8', 'giorgi@gmail.com', '555123456', 'customer123'), kwargs: {}
2026-06-30 04:02:31,429 - Finished register_customer
2026-06-30 04:02:35,617 - Starting register_customer with args: ('\u10d2\u10d8\u10dd\u10e0\u10d2\u10d8', 'giorgi@gmail.com', '555123456', 'customer123'), kwargs: {}
2026-06-30 04:02:35,618 - Finished register_customer
2026-06-30 04:03:34,737 - Starting register_customer with args: ('lavrenti', 'lavrentiemirashvili@gmail.com', '599477813', 'Lavrenti123.'), kwargs: {}
2026-06-30 04:03:34,737 - Finished register_customer
2026-06-30 04:03:34,737 - To: lavrentiemirashvili@gmail.com
Subject: Account Verification Code
Body: Your verification code is: 022194
------------------------------
2026-06-30 04:18:37,670 - Starting register_customer with args: ('\u10d2\u10d8\u10dd\u10e0\u10d2\u10d8', 'giorgi@gmail.com', '555123456', 'customer123'), kwargs: {}
2026-06-30 04:18:37,670 - Finished register_customer
2026-06-30 04:21:18,551 - Starting register_customer with args: ('\u10d2\u10d8\u10dd\u10e0\u10d2\u10d8', 'giorgi@gmail.com', '555123456', 'customer123'), kwargs: {}
2026-06-30 04:21:18,552 - Finished register_customer
2026-06-30 04:21:18,558 - Starting register_car with args: (User(name='\u10d2\u10d8\u10dd\u10e0\u10d2\u10d8', role='customer', email='giorgi@gmail.com'), 'BB-777-BB', 'Tesla Model 3', 'Red'), kwargs: {}
2026-06-30 04:21:18,562 - Finished register_car
2026-06-30 04:21:18,563 - Starting create_booking with args: (User(name='\u10d2\u10d8\u10dd\u10e0\u10d2\u10d8', role='customer', email='giorgi@gmail.com'), Station(name='\u10e1\u10d0\u10d1\u10e3\u10e0\u10d7\u10d0\u10da\u10dd', district='\u10e1\u10d0\u10d1\u10e3\u10e0\u10d7\u10d0\u10da\u10dd'), Car(plate='BB-777-BB', model='Tesla Model 3'), datetime.date(2026, 7, 1), datetime.time(12, 0), 'staff_wash'), kwargs: {}
2026-06-30 04:21:18,567 - \u10e4\u10e3\u10dc\u10e5\u10ea\u10d8\u10d0 'create_booking' \u10e8\u10d4\u10e1\u10e0\u10e3\u10da\u10d3\u10d0 0.0044 \u10ec\u10d0\u10db\u10e8\u10d8.
2026-06-30 04:21:18,567 - Finished create_booking
2026-06-30 04:21:58,316 - Starting register_customer with args: ('\u10d2\u10d8\u10dd\u10e0\u10d2\u10d8', 'giorgi@gmail.com', '555123456', 'customer123'), kwargs: {}
2026-06-30 04:21:58,316 - Finished register_customer
2026-06-30 04:29:47,483 - Starting register_customer with args: ('\u10da\u10d0\u10d5\u10e0\u10d4\u10dc\u10e2\u10d8 \u10d4\u10db\u10d8\u10e0\u10d0\u10e8\u10d5\u10d8\u10da\u10d8', 'lavrentiemirashvili@gmail.com', '599477813', 'Lavrenti123.'), kwargs: {}
2026-06-30 04:29:47,484 - Finished register_customer
2026-06-30 04:29:47,491 - To: lavrentiemirashvili@gmail.com
Subject: Account Verification Code
Body: Your verification code is: 302247
------------------------------
2026-06-30 04:32:55,997 - Starting register_customer with args: ('New User', 'newuser@test.com', '555999888', 'NewPassword123'), kwargs: {}
2026-06-30 04:32:55,997 - Finished register_customer
2026-06-30 04:33:22,600 - Starting register_customer with args: ('New User', 'newuser@test.com', '555999888', 'NewPassword123'), kwargs: {}
2026-06-30 04:33:22,601 - Finished register_customer
2026-06-30 04:35:59,563 - Starting register_customer with args: ('New User', 'newuser@test.com', '555999888', 'NewPassword123'), kwargs: {}
2026-06-30 04:35:59,563 - Finished register_customer
2026-06-30 04:37:00,610 - Starting register_customer with args: ('New User', 'newuser@test.com', '555999888', 'NewPassword123'), kwargs: {}
2026-06-30 04:37:00,610 - Finished register_customer
2026-06-30 04:37:00,621 - Starting register_customer with args: ('Strip User', 'strip_test@test.com', '555000111', 'mypassword'), kwargs: {}
2026-06-30 04:37:00,621 - Finished register_customer
2026-06-30 04:37:07,449 - Starting register_customer with args: ('New User', 'newuser@test.com', '555999888', 'NewPassword123'), kwargs: {}
2026-06-30 04:37:07,449 - Finished register_customer
2026-06-30 04:37:07,460 - Starting register_customer with args: ('Strip User', 'strip_test@test.com', '555000111', 'mypassword'), kwargs: {}
2026-06-30 04:37:07,460 - Finished register_customer
2026-06-30 04:37:07,463 - Starting register_customer with args: ('Strip User Updated', 'strip_test@test.com', '555000111', 'newpassword'), kwargs: {}
2026-06-30 04:37:07,463 - Finished register_customer
2026-06-30 04:38:20,111 - To: lavrentiemirashvili@gmail.com
Subject: 2FA Login Code
Body: Your 2FA login code is: 411639
------------------------------
2026-06-30 04:39:03,984 - Starting register_car with args: (User(name='\u10da\u10d0\u10d5\u10e0\u10d4\u10dc\u10e2\u10d8 \u10d4\u10db\u10d8\u10e0\u10d0\u10e8\u10d5\u10d8\u10da\u10d8', role='customer', email='lavrentiemirashvili@gmail.com'), 'AB-567-CD', 'Ferrari F40', 'Red'), kwargs: {}
2026-06-30 04:39:03,993 - Finished register_car
2026-06-30 04:39:21,272 - Starting create_booking with args: (User(name='\u10da\u10d0\u10d5\u10e0\u10d4\u10dc\u10e2\u10d8 \u10d4\u10db\u10d8\u10e0\u10d0\u10e8\u10d5\u10d8\u10da\u10d8', role='customer', email='lavrentiemirashvili@gmail.com'), Station(name='\u10e1\u10d0\u10d1\u10e3\u10e0\u10d7\u10d0\u10da\u10dd', district='\u10e1\u10d0\u10d1\u10e3\u10e0\u10d7\u10d0\u10da\u10dd'), Car(plate='AB-567-CD', model='Ferrari F40'), datetime.date(2026, 6, 30), datetime.time(5, 0), 'staff_wash'), kwargs: {}
2026-06-30 04:39:21,279 - \u10e4\u10e3\u10dc\u10e5\u10ea\u10d8\u10d0 'create_booking' \u10e8\u10d4\u10e1\u10e0\u10e3\u10da\u10d3\u10d0 0.0068 \u10ec\u10d0\u10db\u10e8\u10d8.
2026-06-30 04:39:21,280 - Finished create_booking
2026-06-30 04:39:25,857 - Starting cancel_booking with args: (Booking(customer='\u10da\u10d0\u10d5\u10e0\u10d4\u10dc\u10e2\u10d8 \u10d4\u10db\u10d8\u10e0\u10d0\u10e8\u10d5\u10d8\u10da\u10d8', date=datetime.date(2026, 6, 30), status='confirmed'),), kwargs: {}
2026-06-30 04:39:25,864 - Finished cancel_booking
2026-06-30 04:39:35,528 - To: lavrentiemirashvili@gmail.com
Subject: 2FA Login Code
Body: Your 2FA login code is: 071578
------------------------------
2026-06-30 04:40:03,431 - Starting create_booking with args: (User(name='\u10da\u10d0\u10d5\u10e0\u10d4\u10dc\u10e2\u10d8 \u10d4\u10db\u10d8\u10e0\u10d0\u10e8\u10d5\u10d8\u10da\u10d8', role='customer', email='lavrentiemirashvili@gmail.com'), Station(name='\u10e1\u10d0\u10d1\u10e3\u10e0\u10d7\u10d0\u10da\u10dd', district='\u10e1\u10d0\u10d1\u10e3\u10e0\u10d7\u10d0\u10da\u10dd'), Car(plate='AB-567-CD', model='Ferrari F40'), datetime.date(2026, 6, 30), datetime.time(5, 10), 'staff_wash'), kwargs: {}
2026-06-30 04:40:03,439 - \u10e4\u10e3\u10dc\u10e5\u10ea\u10d8\u10d0 'create_booking' \u10e8\u10d4\u10e1\u10e0\u10e3\u10da\u10d3\u10d0 0.0077 \u10ec\u10d0\u10db\u10e8\u10d8.
2026-06-30 04:40:03,439 - Finished create_booking
2026-06-30 04:40:07,182 - To: lavrentiemirashvili@gmail.com
Subject: 2FA Login Code
Body: Your 2FA login code is: 918258
------------------------------
2026-06-30 04:52:11,680 - Starting register_customer with args: ('test', 'lavrenti.emirashvili@btu.edu.ge', '555555555', 'test'), kwargs: {}
2026-06-30 04:52:11,681 - Finished register_customer
2026-06-30 04:52:11,693 - To: lavrenti.emirashvili@btu.edu.ge
Subject: Verify your account
Body: 
    <div style="font-family: Arial, sans-serif; line-height: 1.6;">
        <h2 style="color:#333;">Account Verification</h2>
        <p>Thanks for signing up! To complete your registration, please use the verification code below:</p>

        <div style="font-size: 22px; font-weight: bold; letter-spacing: 3px; padding: 10px 15px; background: #f4f4f4; display: inline-block;">
            962016
        </div>

        <p style="margin-top:20px;">This code will expire soon. If you did not request this, you can ignore this email.</p>

        <hr>
        <p style="font-size:12px; color:#888;">If you’re having trouble, contact support.</p>
    </div>
    
------------------------------
2026-06-30 04:53:10,115 - Starting register_customer with args: ('test', 'lavrenti.emirashvili.1@btu.edu.ge', '599477813', 'Lavrenti123test'), kwargs: {}
2026-06-30 04:53:10,115 - Finished register_customer
2026-06-30 04:53:10,128 - To: lavrenti.emirashvili.1@btu.edu.ge
Subject: Verify your account
Body: 
    <div style="font-family: Arial, sans-serif; line-height: 1.6;">
        <h2 style="color:#333;">Account Verification</h2>
        <p>Thanks for signing up! To complete your registration, please use the verification code below:</p>

        <div style="font-size: 22px; font-weight: bold; letter-spacing: 3px; padding: 10px 15px; background: #f4f4f4; display: inline-block;">
            472152
        </div>

        <p style="margin-top:20px;">This code will expire soon. If you did not request this, you can ignore this email.</p>

        <hr>
        <p style="font-size:12px; color:#888;">If you’re having trouble, contact support.</p>
    </div>
    
------------------------------
2026-06-30 05:06:58,733 - To: lavrentiemirashvili@gmail.com
Subject: 2FA Login Code
Body: Your 2FA login code is: 488391
------------------------------
2026-06-30 05:36:09,213 - To: lavrentiemirashvili@gmail.com
Subject: 2FA Login Code
Body: Your 2FA login code is: 914470
------------------------------
2026-06-30 05:39:37,086 - Starting register_car with args: (User(name='\u10da\u10d0\u10d5\u10e0\u10d4\u10dc\u10e2\u10d8 \u10d4\u10db\u10d8\u10e0\u10d0\u10e8\u10d5\u10d8\u10da\u10d8', role='customer', email='lavrentiemirashvili@gmail.com'), '', '', ''), kwargs: {}
2026-06-30 05:39:37,092 - Finished register_car
2026-06-30 05:39:41,031 - Starting create_booking with args: (User(name='\u10da\u10d0\u10d5\u10e0\u10d4\u10dc\u10e2\u10d8 \u10d4\u10db\u10d8\u10e0\u10d0\u10e8\u10d5\u10d8\u10da\u10d8', role='customer', email='lavrentiemirashvili@gmail.com'), Station(name='\u10e1\u10d0\u10d1\u10e3\u10e0\u10d7\u10d0\u10da\u10dd', district='\u10e1\u10d0\u10d1\u10e3\u10e0\u10d7\u10d0\u10da\u10dd'), Car(plate='AB-567-CD', model='Ferrari F40'), datetime.date(2026, 6, 30), datetime.time(10, 0), 'staff_wash'), kwargs: {}
2026-06-30 05:39:41,042 - \u10e4\u10e3\u10dc\u10e5\u10ea\u10d8\u10d0 'create_booking' \u10e8\u10d4\u10e1\u10e0\u10e3\u10da\u10d3\u10d0 0.0114 \u10ec\u10d0\u10db\u10e8\u10d8.
2026-06-30 05:39:41,042 - Finished create_booking
2026-06-30 05:39:50,741 - Starting create_booking with args: (User(name='\u10da\u10d0\u10d5\u10e0\u10d4\u10dc\u10e2\u10d8 \u10d4\u10db\u10d8\u10e0\u10d0\u10e8\u10d5\u10d8\u10da\u10d8', role='customer', email='lavrentiemirashvili@gmail.com'), Station(name='\u10e1\u10d0\u10d1\u10e3\u10e0\u10d7\u10d0\u10da\u10dd', district='\u10e1\u10d0\u10d1\u10e3\u10e0\u10d7\u10d0\u10da\u10dd'), Car(plate='AB-567-CD', model='Ferrari F40'), datetime.date(2026, 6, 30), datetime.time(10, 0), 'staff_wash'), kwargs: {}
2026-06-30 05:39:55,213 - Starting create_booking with args: (User(name='\u10da\u10d0\u10d5\u10e0\u10d4\u10dc\u10e2\u10d8 \u10d4\u10db\u10d8\u10e0\u10d0\u10e8\u10d5\u10d8\u10da\u10d8', role='customer', email='lavrentiemirashvili@gmail.com'), Station(name='\u10e1\u10d0\u10d1\u10e3\u10e0\u10d7\u10d0\u10da\u10dd', district='\u10e1\u10d0\u10d1\u10e3\u10e0\u10d7\u10d0\u10da\u10dd'), Car(plate='AB-567-CD', model='Ferrari F40'), datetime.date(2026, 6, 30), datetime.time(10, 1), 'staff_wash'), kwargs: {}
2026-06-30 05:39:55,222 - \u10e4\u10e3\u10dc\u10e5\u10ea\u10d8\u10d0 'create_booking' \u10e8\u10d4\u10e1\u10e0\u10e3\u10da\u10d3\u10d0 0.0091 \u10ec\u10d0\u10db\u10e8\u10d8.
2026-06-30 05:39:55,222 - Finished create_booking
2026-06-30 05:44:40,749 - To: lavrentiemirashvili@gmail.com
Subject: 2FA Login Code
Body: Your 2FA login code is: 359319
------------------------------
2026-06-30 05:47:03,150 - Starting cancel_booking with args: (Booking(customer='\u10da\u10d0\u10d5\u10e0\u10d4\u10dc\u10e2\u10d8 \u10d4\u10db\u10d8\u10e0\u10d0\u10e8\u10d5\u10d8\u10da\u10d8', date=datetime.date(2026, 6, 30), status='confirmed'),), kwargs: {}
2026-06-30 05:47:03,156 - Finished cancel_booking
2026-06-30 05:47:04,710 - Starting cancel_booking with args: (Booking(customer='\u10da\u10d0\u10d5\u10e0\u10d4\u10dc\u10e2\u10d8 \u10d4\u10db\u10d8\u10e0\u10d0\u10e8\u10d5\u10d8\u10da\u10d8', date=datetime.date(2026, 6, 30), status='confirmed'),), kwargs: {}
2026-06-30 05:47:04,716 - Finished cancel_booking
2026-06-30 05:55:34,849 - To: lavrentiemirashvili@gmail.com
Subject: 2FA Login Code
Body: Your 2FA login code is: 807210
------------------------------
2026-06-30 05:56:02,327 - To: lavrentiemirashvili@gmail.com
Subject: 2FA Login Code
Body: Your 2FA login code is: 245671
------------------------------
2026-06-30 05:56:59,897 - Starting register_car with args: (User(name='\u10da\u10d0\u10d5\u10e0\u10d4\u10dc\u10e2\u10d8 \u10d4\u10db\u10d8\u10e0\u10d0\u10e8\u10d5\u10d8\u10da\u10d8', role='customer', email='lavrentiemirashvili@gmail.com'), 'aa-567-dd', 'test', '\u10d7\u10d4\u10d7\u10e0\u10d8'), kwargs: {}
2026-06-30 05:56:59,901 - Finished register_car
2026-06-30 05:57:06,884 - Starting create_booking with args: (User(name='\u10da\u10d0\u10d5\u10e0\u10d4\u10dc\u10e2\u10d8 \u10d4\u10db\u10d8\u10e0\u10d0\u10e8\u10d5\u10d8\u10da\u10d8', role='customer', email='lavrentiemirashvili@gmail.com'), Station(name='\u10e1\u10d0\u10d1\u10e3\u10e0\u10d7\u10d0\u10da\u10dd', district='\u10e1\u10d0\u10d1\u10e3\u10e0\u10d7\u10d0\u10da\u10dd'), Car(plate='AA-567-DD', model='test'), datetime.date(2026, 6, 30), datetime.time(5, 0), 'staff_wash'), kwargs: {}
2026-06-30 05:57:06,895 - \u10e4\u10e3\u10dc\u10e5\u10ea\u10d8\u10d0 'create_booking' \u10e8\u10d4\u10e1\u10e0\u10e3\u10da\u10d3\u10d0 0.0111 \u10ec\u10d0\u10db\u10e8\u10d8.
2026-06-30 05:57:06,896 - Finished create_booking
2026-06-30 06:00:03,438 - To: lavrentiemirashvili@gmail.com
Subject: 2FA Login Code
Body: Your 2FA login code is: 638199
------------------------------
2026-06-30 06:00:36,654 - To: lavrentiemirashvili@gmail.com
Subject: 2FA Login Code
Body: Your 2FA login code is: 724012
------------------------------
2026-06-30 06:01:12,094 - To: lavrentiemirashvili@gmail.com
Subject: 2FA Login Code
Body: Your 2FA login code is: 807985
------------------------------
2026-06-30 06:01:46,407 - To: lavrentiemirashvili@gmail.com
Subject: 2FA Login Code
Body: Your 2FA login code is: 164408
------------------------------
2026-06-30 06:15:17,382 - To: lavrentiemirashvili@gmail.com
Subject: 2FA Login Code
Body: Your 2FA login code is: 776192
------------------------------
2026-06-30 06:19:53,922 - To: lavrentiemirashvili@gmail.com
Subject: 2FA Login Code
Body: Your 2FA login code is: 343581
------------------------------
2026-06-30 14:37:40,024 - Starting register_customer with args: ('test 1', 'aleksandra.liza.khakishvili@ciu.edu.ge', '444444444', 'test1'), kwargs: {}
2026-06-30 14:38:17,873 - Starting register_customer with args: ('test 1', 'aleksandra.liza.khakishvili@ciu.edu.ge', '555123456', 'test1'), kwargs: {}
2026-06-30 14:38:17,874 - Finished register_customer
2026-06-30 14:38:17,898 - To: aleksandra.liza.khakishvili@ciu.edu.ge
Subject: Account Verification Code
Body: Your verification code is: 000140
------------------------------
2026-06-30 14:41:57,970 - Starting register_customer with args: ('test1', 'Aleksandra.liza.khakhishvili@ciu.edu.ge', '555555555', 'test1'), kwargs: {}
2026-06-30 14:41:57,970 - Finished register_customer
2026-06-30 14:41:57,978 - To: Aleksandra.liza.khakhishvili@ciu.edu.ge
Subject: Account Verification Code
Body: Your verification code is: 061016
------------------------------
2026-06-30 14:43:31,271 - To: Aleksandra.liza.khakhishvili@ciu.edu.ge
Subject: 2FA Login Code
Body: Your 2FA login code is: 710517
------------------------------
2026-06-30 19:31:05,069 - Starting register_car with args: (User(name='\u10d2\u10d8\u10dd\u10e0\u10d2\u10d8', role='customer', email='giorgi@gmail.com'), 'aa-123-bb', 'test', 'white'), kwargs: {}
2026-06-30 19:31:05,079 - Finished register_car
2026-06-30 19:31:10,867 - Starting create_booking with args: (User(name='\u10d2\u10d8\u10dd\u10e0\u10d2\u10d8', role='customer', email='giorgi@gmail.com'), Station(name='\u10e1\u10d0\u10d1\u10e3\u10e0\u10d7\u10d0\u10da\u10dd', district='\u10e1\u10d0\u10d1\u10e3\u10e0\u10d7\u10d0\u10da\u10dd'), Car(plate='AA-123-BB', model='test'), datetime.date(2026, 6, 30), datetime.time(10, 0), 'staff_wash'), kwargs: {}
2026-06-30 19:31:10,885 - \u10e4\u10e3\u10dc\u10e5\u10ea\u10d8\u10d0 'create_booking' \u10e8\u10d4\u10e1\u10e0\u10e3\u10da\u10d3\u10d0 0.0166 \u10ec\u10d0\u10db\u10e8\u10d8.
2026-06-30 19:31:10,885 - Finished create_booking
2026-06-30 19:31:25,919 - Starting create_booking with args: (User(name='\u10d2\u10d8\u10dd\u10e0\u10d2\u10d8', role='customer', email='giorgi@gmail.com'), Station(name='\u10e1\u10d0\u10d1\u10e3\u10e0\u10d7\u10d0\u10da\u10dd', district='\u10e1\u10d0\u10d1\u10e3\u10e0\u10d7\u10d0\u10da\u10dd'), Car(plate='AA-123-BB', model='test'), datetime.date(2026, 6, 30), datetime.time(20, 8), 'staff_wash'), kwargs: {}
2026-06-30 19:31:25,932 - \u10e4\u10e3\u10dc\u10e5\u10ea\u10d8\u10d0 'create_booking' \u10e8\u10d4\u10e1\u10e0\u10e3\u10da\u10d3\u10d0 0.0123 \u10ec\u10d0\u10db\u10e8\u10d8.
2026-06-30 19:31:25,932 - Finished create_booking
2026-06-30 19:31:30,340 - Starting cancel_booking with args: (Booking(customer='\u10d2\u10d8\u10dd\u10e0\u10d2\u10d8', date=datetime.date(2026, 6, 30), status='confirmed'),), kwargs: {}
2026-06-30 19:31:30,353 - Finished cancel_booking
2026-07-01 16:30:44,474 - Starting register_customer with args: ('\u10d2\u10d8\u10dd\u10e0\u10d2\u10d8', 'giorgi@gmail.com', '555123456', 'customer123'), kwargs: {}
2026-07-01 16:30:44,474 - Finished register_customer
2026-07-01 16:31:53,411 - Starting register_customer with args: ('\u10d2\u10d8\u10dd\u10e0\u10d2\u10d8', 'giorgi@gmail.com', '555123456', 'customer123'), kwargs: {}
2026-07-01 16:31:53,411 - Finished register_customer
2026-07-01 20:38:05,473 - Starting register_car with args: (User(name='\u10d2\u10d8\u10dd\u10e0\u10d2\u10d8', role='customer', email='giorgi@gmail.com'), 'ab-567-cd', 'Toyota', 'Camry', '\u10d7\u10d4\u10d7\u10e0\u10d8'), kwargs: {}
2026-07-01 20:38:05,478 - Finished register_car
2026-07-01 20:38:46,370 - Starting create_booking with args: (User(name='\u10d2\u10d8\u10dd\u10e0\u10d2\u10d8', role='customer', email='giorgi@gmail.com'), Station(name='\u10d5\u10d0\u10e0\u10d9\u10d4\u10d7\u10d8\u10da\u10d8', district='\u10d5\u10d0\u10e0\u10d9\u10d4\u10d7\u10d8\u10da\u10d8'), Car(plate='AB-567-CD', make='Toyota', model='Camry'), datetime.date(2027, 7, 2), datetime.time(11, 0), 'self_service'), kwargs: {}
2026-07-01 20:38:46,380 - \u10e4\u10e3\u10dc\u10e5\u10ea\u10d8\u10d0 'create_booking' \u10e8\u10d4\u10e1\u10e0\u10e3\u10da\u10d3\u10d0 0.0104 \u10ec\u10d0\u10db\u10e8\u10d8.
2026-07-01 20:38:46,380 - Finished create_booking
2026-07-01 20:58:35,966 - Starting create_booking with args: (User(name='\u10d2\u10d8\u10dd\u10e0\u10d2\u10d8', role='customer', email='giorgi@gmail.com'), Station(name='\u10e1\u10d0\u10d1\u10e3\u10e0\u10d7\u10d0\u10da\u10dd', district='\u10e1\u10d0\u10d1\u10e3\u10e0\u10d7\u10d0\u10da\u10dd'), Car(plate='AB-567-CD', make='Toyota', model='Camry'), datetime.date(2026, 7, 1), datetime.time(10, 0), 'staff_wash'), kwargs: {}
2026-07-01 20:58:45,726 - Starting create_booking with args: (User(name='\u10d2\u10d8\u10dd\u10e0\u10d2\u10d8', role='customer', email='giorgi@gmail.com'), Station(name='\u10e1\u10d0\u10d1\u10e3\u10e0\u10d7\u10d0\u10da\u10dd', district='\u10e1\u10d0\u10d1\u10e3\u10e0\u10d7\u10d0\u10da\u10dd'), Car(plate='AB-567-CD', make='Toyota', model='Camry'), datetime.date(2026, 7, 2), datetime.time(10, 0), 'staff_wash'), kwargs: {}
2026-07-01 20:58:45,737 - \u10e4\u10e3\u10dc\u10e5\u10ea\u10d8\u10d0 'create_booking' \u10e8\u10d4\u10e1\u10e0\u10e3\u10da\u10d3\u10d0 0.0101 \u10ec\u10d0\u10db\u10e8\u10d8.
2026-07-01 20:58:45,737 - Finished create_booking
2026-07-01 20:59:52,350 - Starting create_booking with args: (User(name='\u10d2\u10d8\u10dd\u10e0\u10d2\u10d8', role='customer', email='giorgi@gmail.com'), Station(name='\u10e1\u10d0\u10d1\u10e3\u10e0\u10d7\u10d0\u10da\u10dd', district='\u10e1\u10d0\u10d1\u10e3\u10e0\u10d7\u10d0\u10da\u10dd'), Car(plate='AB-567-CD', make='Toyota', model='Camry'), datetime.date(2026, 7, 1), datetime.time(22, 0), 'staff_wash'), kwargs: {}
2026-07-01 20:59:52,360 - \u10e4\u10e3\u10dc\u10e5\u10ea\u10d8\u10d0 'create_booking' \u10e8\u10d4\u10e1\u10e0\u10e3\u10da\u10d3\u10d0 0.0099 \u10ec\u10d0\u10db\u10e8\u10d8.
2026-07-01 20:59:52,360 - Finished create_booking
2026-07-01 21:40:46,971 - Starting register_car with args: (User(name='\u10d2\u10d8\u10dd\u10e0\u10d2\u10d8', role='customer', email='giorgi@gmail.com'), '', '', '', ''), kwargs: {}
2026-07-01 21:40:46,976 - Finished register_car
2026-07-01 21:45:57,052 - Starting register_customer with args: ('\u10da\u10d0\u10d5\u10e0\u10d4\u10dc\u10e2\u10d8 \u10d4\u10db\u10d8\u10e0\u10d0\u10e8\u10d5\u10d8\u10da\u10d8', 'emirashvililavrenti@gmail.com', '555000999', 'testi'), kwargs: {}
2026-07-01 21:45:57,054 - Finished register_customer
2026-07-01 21:45:57,061 - To: emirashvililavrenti@gmail.com
Subject: Account Verification Code
Body: Your verification code is: 559671
------------------------------
2026-07-01 21:47:05,796 - To: emirashvililavrenti@gmail.com
Subject: 2FA Login Code
Body: Your 2FA login code is: 220984
------------------------------
2026-07-01 21:50:51,071 - Starting register_customer with args: ('lavrenti emirashvili', 'lavrentiemirashvili1@gmail.com', '555999888', 'testi'), kwargs: {}
2026-07-01 21:50:51,072 - Finished register_customer
2026-07-01 21:50:51,082 - To: lavrentiemirashvili1@gmail.com
Subject: Account Verification Code
Body: Your verification code is: 908333
------------------------------
2026-07-01 21:51:28,417 - To: lavrentiemirashvili1@gmail.com
Subject: 2FA Login Code
Body: Your 2FA login code is: 806002
------------------------------
2026-07-01 21:52:40,025 - Starting register_car with args: (User(name='lavrenti emirashvili', role='customer', email='lavrentiemirashvili1@gmail.com'), 'aa-123-bb', 'toyota', 'camry', '\u10d7\u10d4\u10d7\u10e0\u10d8'), kwargs: {}
2026-07-01 21:52:40,033 - Finished register_car
2026-07-01 21:53:28,186 - Starting create_booking with args: (User(name='lavrenti emirashvili', role='customer', email='lavrentiemirashvili1@gmail.com'), Station(name='\u10d5\u10d0\u10e0\u10d9\u10d4\u10d7\u10d8\u10da\u10d8', district='\u10d5\u10d0\u10e0\u10d9\u10d4\u10d7\u10d8\u10da\u10d8'), Car(plate='AA-123-BB', make='toyota', model='camry'), datetime.date(2026, 7, 1), datetime.time(22, 0), 'self_service'), kwargs: {}
2026-07-01 21:53:28,196 - \u10e4\u10e3\u10dc\u10e5\u10ea\u10d8\u10d0 'create_booking' \u10e8\u10d4\u10e1\u10e0\u10e3\u10da\u10d3\u10d0 0.0091 \u10ec\u10d0\u10db\u10e8\u10d8.
2026-07-01 21:53:28,196 - Finished create_booking
2026-07-01 22:16:10,884 - Starting create_booking with args: (User(name='\u10d2\u10d8\u10dd\u10e0\u10d2\u10d8', role='customer', email='giorgi@gmail.com'), Station(name='\u10d2\u10da\u10d3\u10d0\u10dc\u10d8', district='\u10d2\u10da\u10d3\u10d0\u10dc\u10d8'), Car(plate='AB-567-CD', make='Toyota', model='Camry'), datetime.date(2026, 7, 1), datetime.time(10, 0), 'staff_wash'), kwargs: {}
2026-07-01 22:16:15,787 - Starting cancel_booking with args: (Booking(customer='\u10d2\u10d8\u10dd\u10e0\u10d2\u10d8', date=datetime.date(2026, 7, 2), status='confirmed'),), kwargs: {}
2026-07-01 22:16:15,792 - Finished cancel_booking
2026-07-01 22:17:13,682 - Starting cancel_booking with args: (Booking(customer='\u10d2\u10d8\u10dd\u10e0\u10d2\u10d8', date=datetime.date(2027, 7, 2), status='confirmed'),), kwargs: {}
2026-07-01 22:17:13,688 - Finished cancel_booking
2026-07-01 22:18:56,627 - Starting create_booking with args: (User(name='\u10d2\u10d8\u10dd\u10e0\u10d2\u10d8', role='customer', email='giorgi@gmail.com'), Station(name='\u10d8\u10e1\u10d0\u10dc\u10d8', district='\u10d8\u10e1\u10d0\u10dc\u10d8'), Car(plate='AB-567-CD', make='Toyota', model='Camry'), datetime.date(2026, 7, 2), datetime.time(10, 0), 'staff_wash'), kwargs: {}
2026-07-01 22:18:56,637 - \u10e4\u10e3\u10dc\u10e5\u10ea\u10d8\u10d0 'create_booking' \u10e8\u10d4\u10e1\u10e0\u10e3\u10da\u10d3\u10d0 0.0095 \u10ec\u10d0\u10db\u10e8\u10d8.
2026-07-01 22:18:56,637 - Finished create_booking
2026-07-01 22:25:10,470 - Starting cancel_booking with args: (Booking(customer='\u10d2\u10d8\u10dd\u10e0\u10d2\u10d8', date=datetime.date(2026, 7, 2), status='confirmed'),), kwargs: {}
2026-07-01 22:25:10,475 - Finished cancel_booking
