2026-06-30 03:17:33,830 - INFO - To: lavrentiemirashvili@gmail.com
Subject: Account Verification Code
Body: Your verification code is: 211340
------------------------------
2026-06-30 03:20:15,856 - INFO - To: lavrentiemirashvili@gmail.com
Subject: 2FA Login Code
Body: Your 2FA login code is: 074084
------------------------------
2026-06-30 03:21:41,646 - INFO - To: emirashvililavrenti@gmail.com
Subject: Account Verification Code
Body: Your verification code is: 774348
------------------------------
2026-06-30 04:03:34,737 - INFO - To: lavrentiemirashvili@gmail.com
Subject: Account Verification Code
Body: Your verification code is: 022194
------------------------------
2026-06-30 04:29:47,491 - INFO - To: lavrentiemirashvili@gmail.com
Subject: Account Verification Code
Body: Your verification code is: 302247
------------------------------
2026-06-30 04:38:20,111 - INFO - To: lavrentiemirashvili@gmail.com
Subject: 2FA Login Code
Body: Your 2FA login code is: 411639
------------------------------
2026-06-30 04:39:35,528 - INFO - To: lavrentiemirashvili@gmail.com
Subject: 2FA Login Code
Body: Your 2FA login code is: 071578
------------------------------
2026-06-30 04:40:07,182 - INFO - To: lavrentiemirashvili@gmail.com
Subject: 2FA Login Code
Body: Your 2FA login code is: 918258
------------------------------
2026-06-30 04:52:11,693 - INFO - To: lavrenti.emirashvili@btu.edu.ge
Subject: Verify your account
Body: 
    <div style="font-family: Arial, sans-serif; line-height: 1.6;">
        <h2 style="color:#333;">Account Verification</h2>
        <p>Thanks for signing up! To complete your registration, please use the verification code below:</p>

        <div style="font-size: 22px; font-weight: bold; letter-spacing: 3px; padding: 10px 15px; background: #f4f4f4; display: inline-block;">
            962016
        </div>

        <p style="margin-top:20px;">This code will expire soon. If you did not request this, you can ignore this email.</p>

        <hr>
        <p style="font-size:12px; color:#888;">If you’re having trouble, contact support.</p>
    </div>
    
------------------------------
2026-06-30 04:53:10,128 - INFO - To: lavrenti.emirashvili.1@btu.edu.ge
Subject: Verify your account
Body: 
    <div style="font-family: Arial, sans-serif; line-height: 1.6;">
        <h2 style="color:#333;">Account Verification</h2>
        <p>Thanks for signing up! To complete your registration, please use the verification code below:</p>

        <div style="font-size: 22px; font-weight: bold; letter-spacing: 3px; padding: 10px 15px; background: #f4f4f4; display: inline-block;">
            472152
        </div>

        <p style="margin-top:20px;">This code will expire soon. If you did not request this, you can ignore this email.</p>

        <hr>
        <p style="font-size:12px; color:#888;">If you’re having trouble, contact support.</p>
    </div>
    
------------------------------
2026-06-30 05:06:58,733 - INFO - To: lavrentiemirashvili@gmail.com
Subject: 2FA Login Code
Body: Your 2FA login code is: 488391
------------------------------
2026-06-30 05:36:09,213 - INFO - To: lavrentiemirashvili@gmail.com
Subject: 2FA Login Code
Body: Your 2FA login code is: 914470
------------------------------
2026-06-30 05:44:40,749 - INFO - To: lavrentiemirashvili@gmail.com
Subject: 2FA Login Code
Body: Your 2FA login code is: 359319
------------------------------
2026-06-30 05:55:34,849 - INFO - To: lavrentiemirashvili@gmail.com
Subject: 2FA Login Code
Body: Your 2FA login code is: 807210
------------------------------
2026-06-30 05:56:02,327 - INFO - To: lavrentiemirashvili@gmail.com
Subject: 2FA Login Code
Body: Your 2FA login code is: 245671
------------------------------
2026-06-30 06:00:03,438 - INFO - To: lavrentiemirashvili@gmail.com
Subject: 2FA Login Code
Body: Your 2FA login code is: 638199
------------------------------
2026-06-30 06:00:36,654 - INFO - To: lavrentiemirashvili@gmail.com
Subject: 2FA Login Code
Body: Your 2FA login code is: 724012
------------------------------
2026-06-30 06:01:12,094 - INFO - To: lavrentiemirashvili@gmail.com
Subject: 2FA Login Code
Body: Your 2FA login code is: 807985
------------------------------
2026-06-30 06:01:46,407 - INFO - To: lavrentiemirashvili@gmail.com
Subject: 2FA Login Code
Body: Your 2FA login code is: 164408
------------------------------
2026-06-30 06:15:17,382 - INFO - To: lavrentiemirashvili@gmail.com
Subject: 2FA Login Code
Body: Your 2FA login code is: 776192
------------------------------
2026-06-30 06:19:53,922 - INFO - To: lavrentiemirashvili@gmail.com
Subject: 2FA Login Code
Body: Your 2FA login code is: 343581
------------------------------
2026-06-30 14:38:17,898 - INFO - To: aleksandra.liza.khakishvili@ciu.edu.ge
Subject: Account Verification Code
Body: Your verification code is: 000140
------------------------------
2026-06-30 14:41:57,978 - INFO - To: Aleksandra.liza.khakhishvili@ciu.edu.ge
Subject: Account Verification Code
Body: Your verification code is: 061016
------------------------------
2026-06-30 14:43:31,271 - INFO - To: Aleksandra.liza.khakhishvili@ciu.edu.ge
Subject: 2FA Login Code
Body: Your 2FA login code is: 710517
------------------------------
2026-07-01 21:45:57,061 - INFO - To: emirashvililavrenti@gmail.com
Subject: Account Verification Code
Body: Your verification code is: 559671
------------------------------
2026-07-01 21:47:05,796 - INFO - To: emirashvililavrenti@gmail.com
Subject: 2FA Login Code
Body: Your 2FA login code is: 220984
------------------------------
2026-07-01 21:50:51,082 - INFO - To: lavrentiemirashvili1@gmail.com
Subject: Account Verification Code
Body: Your verification code is: 908333
------------------------------
2026-07-01 21:51:28,417 - INFO - To: lavrentiemirashvili1@gmail.com
Subject: 2FA Login Code
Body: Your 2FA login code is: 806002
------------------------------
